<?xml version="1.0" encoding="utf-8"?><testsuites name="pytest tests"><testsuite name="pytest" errors="0" failures="0" skipped="0" tests="24" time="0.744" timestamp="2026-09-14T00:13:40.623417+08:00" hostname="wangyilin"><testcase classname="tests.test_default_config_integrity" name="test_default_yaml_has_unique_top_level_keys" time="0.005" /><testcase classname="tests.test_default_config_integrity" name="test_mixture_defaults_parse_with_expected_types" time="0.002" /><testcase classname="tests.test_default_config_integrity" name="test_new_mixture_float_key_is_type_checked" time="0.001" /><testcase classname="tests.test_default_config_integrity" name="test_scene_inference_mode_is_type_checked" time="0.001" /><testcase classname="tests.test_default_config_integrity" name="test_molora_none_and_empty_optional_values_have_stable_semantics" time="0.002" /><testcase classname="tests.test_stal_assignment" name="test_stal_default_config_preserves_fixed_stride_mode" time="0.001" /><testcase classname="tests.test_stal_assignment" name="test_stal_config_rejects_invalid_values_and_relationships[overrides0-stal_mode]" time="0.002" /><testcase classname="tests.test_stal_assignment" name="test_stal_config_rejects_invalid_values_and_relationships[overrides1-0 &lt; small &lt; medium]" time="0.002" /><testcase classname="tests.test_stal_assignment" name="test_stal_config_rejects_invalid_values_and_relationships[overrides2-between 1.0 and 4.0]" time="0.002" /><testcase classname="tests.test_stal_assignment" name="test_stal_config_rejects_invalid_values_and_relationships[overrides3-greater than or equal]" time="0.001" /><testcase classname="tests.test_stal_assignment" name="test_stal_config_rejects_invalid_values_and_relationships[overrides4-stal_topk_small]" time="0.001" /><testcase classname="tests.test_stal_assignment" name="test_stal_config_rejects_invalid_values_and_relationships[overrides5-finite]" time="0.001" /><testcase classname="tests.test_stal_assignment" name="test_stal_config_rejects_invalid_values_and_relationships[overrides6-finite]" time="0.002" /><testcase classname="tests.test_stal_assignment" name="test_stal_config_rejects_invalid_values_and_relationships[overrides7-finite]" time="0.002" /><testcase classname="tests.test_stal_assignment" name="test_detection_loss_receives_stal_configuration" time="0.003" /><testcase classname="tests.test_stal_assignment" name="test_tal_mode_uses_unmodified_gt_box" time="0.002" /><testcase classname="tests.test_stal_assignment" name="test_fixed_mode_keeps_legacy_stride_expansion" time="0.002" /><testcase classname="tests.test_stal_assignment" name="test_adaptive_area_boundaries_use_coco_style_training_thresholds" time="0.002" /><testcase classname="tests.test_stal_assignment" name="test_adaptive_mode_guarantees_minimum_pre_conflict_candidates_for_tiny_gt" time="0.005" /><testcase classname="tests.test_stal_assignment" name="test_adaptive_assigner_handles_empty_gt" time="0.002" /><testcase classname="tests.test_stal_assignment" name="test_adaptive_assigner_resolves_overlapping_gt_conflicts_once_per_anchor" time="0.003" /><testcase classname="tests.test_stal_assignment" name="test_conflict_resolution_cannot_assign_anchor_to_non_candidate_gt" time="0.002" /><testcase classname="tests.test_stal_assignment" name="test_adaptive_assigner_fp32_amp_masks_counts_loss_and_gradients_are_stable" time="0.013" /><testcase classname="tests.test_tal_conflict_resolution" name="test_conflict_resolution_cannot_assign_anchor_to_non_candidate_gt" time="0.002" /></testsuite></testsuites>